<?xml version="1.0" encoding="UTF-8"?>
<robot generator="Robot 7.3.2 (Python 3.12.3 on linux)" generated="2025-08-31T21:57:22.260868" rpa="false" schemaversion="5">
<suite id="s1" name="Httpmethods" source="/home/amatta/code/api_testing_robotframework/tests/httpmethods.robot">
<test id="s1-t1" name="Get Item For API" line="8">
<kw name="Create Session" owner="RequestsLibrary">
<msg time="2025-08-31T21:57:22.335237" level="INFO">Creating Session using : alias=myapi, url=https://jsonplaceholder.typicode.com, headers={},                     cookies={}, auth=None, timeout=None, proxies=None, verify=False,                     debug=0 </msg>
<arg>myapi</arg>
<arg>${BASE_URL}</arg>
<doc>Create Session: create a HTTP session to a server</doc>
<status status="PASS" start="2025-08-31T21:57:22.334980" elapsed="0.000489"/>
</kw>
<kw name="GET On Session" owner="RequestsLibrary">
<msg time="2025-08-31T21:57:22.635504" level="INFO">GET Request : url=https://jsonplaceholder.typicode.com/todos/1 
 path_url=/todos/1 
 headers={'User-Agent': 'python-requests/2.32.5', 'Accept-Encoding': 'gzip, deflate', 'Accept': '*/*', 'Connection': 'keep-alive'} 
 body=None 
 </msg>
<msg time="2025-08-31T21:57:22.635851" level="INFO">GET Response : url=https://jsonplaceholder.typicode.com/todos/1 
 status=200, reason=OK 
 headers={'Date': 'Sun, 31 Aug 2025 18:57:21 GMT', 'Content-Type': 'application/json; charset=utf-8', 'Transfer-Encoding': 'chunked', 'Connection': 'keep-alive', 'access-control-allow-credentials': 'true', 'Cache-Control': 'max-age=43200', 'etag': 'W/"53-hfEnumeNh6YirfjyjaujcOPPT+s"', 'expires': '-1', 'nel': '{"report_to":"heroku-nel","response_headers":["Via"],"max_age":3600,"success_fraction":0.01,"failure_fraction":0.1}', 'pragma': 'no-cache', 'report-to': '{"group":"heroku-nel","endpoints":[{"url":"https://nel.heroku.com/reports?s=oerNzEBKxPgafnCFdT61x78uwq%2FSyDK838ec0bLJpKA%3D\\u0026sid=e11707d5-02a7-43ef-b45e-2cf4d2036f7d\\u0026ts=1752021924"}],"max_age":3600}', 'reporting-endpoints': 'heroku-nel="https://nel.heroku.com/reports?s=oerNzEBKxPgafnCFdT61x78uwq%2FSyDK838ec0bLJpKA%3D&amp;sid=e11707d5-02a7-43ef-b45e-2cf4d2036f7d&amp;ts=1752021924"', 'Server': 'cloudflare', 'vary': 'Origin, Accept-Encoding', 'via': '2.0 heroku-router', 'x-content-type-options': 'nosniff', 'x-powered-by': 'Express', 'x-ratelimit-limit': '1000', 'x-ratelimit-remaining': '999', 'x-ratelimit-reset': '1752021935', 'Age': '24832', 'cf-cache-status': 'HIT', 'Content-Encoding': 'gzip', 'CF-RAY': '977ec0ce8ee82d63-ARN', 'alt-svc': 'h3=":443"; ma=86400'} 
 body={
  "userId": 1,
  "id": 1,
  "title": "delectus aut autem",
  "completed": false
} 
 </msg>
<msg time="2025-08-31T21:57:22.636238" level="INFO">/home/amatta/code/api_testing_robotframework/.venv/lib/python3.12/site-packages/urllib3/connectionpool.py:1097: InsecureRequestWarning: Unverified HTTPS request is being made to host 'jsonplaceholder.typicode.com'. Adding certificate verification is strongly advised. See: https://urllib3.readthedocs.io/en/latest/advanced-usage.html#tls-warnings
  warnings.warn(</msg>
<msg time="2025-08-31T21:57:22.636487" level="INFO">${response} = &lt;Response [200]&gt;</msg>
<var>${response}</var>
<arg>myapi</arg>
<arg>/todos/1</arg>
<doc>Sends a GET request on a previously created HTTP Session.</doc>
<status status="PASS" start="2025-08-31T21:57:22.335680" elapsed="0.300844"/>
</kw>
<kw name="Convert To String" owner="BuiltIn">
<msg time="2025-08-31T21:57:22.637566" level="INFO">${status_code} = 200</msg>
<var>${status_code}</var>
<arg>${response.status_code}</arg>
<doc>Converts the given item to a Unicode string.</doc>
<status status="PASS" start="2025-08-31T21:57:22.636827" elapsed="0.000778"/>
</kw>
<kw name="Should Be Equal" owner="BuiltIn">
<arg>${status_code}</arg>
<arg>200</arg>
<doc>Fails if the given objects are unequal.</doc>
<status status="PASS" start="2025-08-31T21:57:22.637822" elapsed="0.000226"/>
</kw>
<kw name="Convert To String" owner="BuiltIn">
<msg time="2025-08-31T21:57:22.638714" level="INFO">${body} = {
  "userId": 1,
  "id": 1,
  "title": "delectus aut autem",
  "completed": false
}</msg>
<var>${body}</var>
<arg>${response.content}</arg>
<doc>Converts the given item to a Unicode string.</doc>
<status status="PASS" start="2025-08-31T21:57:22.638200" elapsed="0.000544"/>
</kw>
<kw name="Should Contain" owner="BuiltIn">
<arg>${body}</arg>
<arg>delectus aut autem</arg>
<doc>Fails if ``container`` does not contain ``item`` one or more times.</doc>
<status status="PASS" start="2025-08-31T21:57:22.638886" elapsed="0.000150"/>
</kw>
<kw name="Convert To String" owner="BuiltIn">
<msg time="2025-08-31T21:57:22.639652" level="INFO">${content} = {'Date': 'Sun, 31 Aug 2025 18:57:21 GMT', 'Content-Type': 'application/json; charset=utf-8', 'Transfer-Encoding': 'chunked', 'Connection': 'keep-alive', 'access-control-allow-credentials': 'true', 'Ca...</msg>
<var>${content}</var>
<arg>${response.headers}</arg>
<doc>Converts the given item to a Unicode string.</doc>
<status status="PASS" start="2025-08-31T21:57:22.639157" elapsed="0.000537"/>
</kw>
<kw name="Should Contain" owner="BuiltIn">
<arg>${content}</arg>
<arg>application/json; charset=utf-8</arg>
<doc>Fails if ``container`` does not contain ``item`` one or more times.</doc>
<status status="PASS" start="2025-08-31T21:57:22.639840" elapsed="0.000176"/>
</kw>
<status status="PASS" start="2025-08-31T21:57:22.334020" elapsed="0.306144"/>
</test>
<test id="s1-t2" name="Create New Todo Item" line="18">
<kw name="Create Session" owner="RequestsLibrary">
<msg time="2025-08-31T21:57:22.641392" level="INFO">Creating Session using : alias=myapi, url=https://jsonplaceholder.typicode.com, headers={},                     cookies={}, auth=None, timeout=None, proxies=None, verify=False,                     debug=0 </msg>
<arg>myapi</arg>
<arg>${BASE_URL}</arg>
<doc>Create Session: create a HTTP session to a server</doc>
<status status="PASS" start="2025-08-31T21:57:22.640962" elapsed="0.000805"/>
</kw>
<kw name="Create Dictionary" owner="BuiltIn">
<msg time="2025-08-31T21:57:22.642833" level="INFO">${payload} = {'userId': '1', 'title': 'Buy milk', 'completed': 'False'}</msg>
<var>${payload}</var>
<arg>userId=1</arg>
<arg>title=Buy milk</arg>
<arg>completed=False</arg>
<doc>Creates and returns a dictionary based on the given ``items``.</doc>
<status status="PASS" start="2025-08-31T21:57:22.642156" elapsed="0.000752"/>
</kw>
<kw name="POST On Session" owner="RequestsLibrary">
<msg time="2025-08-31T21:57:23.715164" level="INFO">POST Request : url=https://jsonplaceholder.typicode.com/todos 
 path_url=/todos 
 headers={'User-Agent': 'python-requests/2.32.5', 'Accept-Encoding': 'gzip, deflate', 'Accept': '*/*', 'Connection': 'keep-alive', 'Content-Length': '58', 'Content-Type': 'application/json'} 
 body=b'{"userId": "1", "title": "Buy milk", "completed": "False"}' 
 </msg>
<msg time="2025-08-31T21:57:23.715345" level="INFO">POST Response : url=https://jsonplaceholder.typicode.com/todos 
 status=201, reason=Created 
 headers={'Date': 'Sun, 31 Aug 2025 18:57:22 GMT', 'Content-Type': 'application/json; charset=utf-8', 'Content-Length': '79', 'Connection': 'keep-alive', 'access-control-allow-credentials': 'true', 'access-control-expose-headers': 'Location', 'Cache-Control': 'no-cache', 'etag': 'W/"4f-ugvVOwPJLJJC/fx10CTxExRTuKs"', 'expires': '-1', 'location': 'https://jsonplaceholder.typicode.com/todos/201', 'nel': '{"report_to":"heroku-nel","response_headers":["Via"],"max_age":3600,"success_fraction":0.01,"failure_fraction":0.1}', 'pragma': 'no-cache', 'report-to': '{"group":"heroku-nel","endpoints":[{"url":"https://nel.heroku.com/reports?s=M6saNbiKUwC1Gas5Rp4nEEUgPZ6l3XoCiOXUc0qXtDY%3D\\u0026sid=e11707d5-02a7-43ef-b45e-2cf4d2036f7d\\u0026ts=1756666642"}],"max_age":3600}', 'reporting-endpoints': 'heroku-nel="https://nel.heroku.com/reports?s=M6saNbiKUwC1Gas5Rp4nEEUgPZ6l3XoCiOXUc0qXtDY%3D&amp;sid=e11707d5-02a7-43ef-b45e-2cf4d2036f7d&amp;ts=1756666642"', 'Server': 'cloudflare', 'vary': 'Origin, X-HTTP-Method-Override, Accept-Encoding', 'via': '2.0 heroku-router', 'x-content-type-options': 'nosniff', 'x-powered-by': 'Express', 'x-ratelimit-limit': '1000', 'x-ratelimit-remaining': '998', 'x-ratelimit-reset': '1756666661', 'cf-cache-status': 'DYNAMIC', 'CF-RAY': '977ec0d08d38efdb-ARN', 'alt-svc': 'h3=":443"; ma=86400'} 
 body={
  "userId": "1",
  "title": "Buy milk",
  "completed": "False",
  "id": 201
} 
 </msg>
<msg time="2025-08-31T21:57:23.715596" level="INFO">/home/amatta/code/api_testing_robotframework/.venv/lib/python3.12/site-packages/urllib3/connectionpool.py:1097: InsecureRequestWarning: Unverified HTTPS request is being made to host 'jsonplaceholder.typicode.com'. Adding certificate verification is strongly advised. See: https://urllib3.readthedocs.io/en/latest/advanced-usage.html#tls-warnings
  warnings.warn(</msg>
<msg time="2025-08-31T21:57:23.715895" level="INFO">${response} = &lt;Response [201]&gt;</msg>
<var>${response}</var>
<arg>myapi</arg>
<arg>/todos</arg>
<arg>json=${payload}</arg>
<doc>Sends a POST request on a previously created HTTP Session.</doc>
<status status="PASS" start="2025-08-31T21:57:22.643292" elapsed="1.072672"/>
</kw>
<kw name="Convert To String" owner="BuiltIn">
<msg time="2025-08-31T21:57:23.717648" level="INFO">${status_code} = 201</msg>
<var>${status_code}</var>
<arg>${response.status_code}</arg>
<doc>Converts the given item to a Unicode string.</doc>
<status status="PASS" start="2025-08-31T21:57:23.716340" elapsed="0.001409"/>
</kw>
<kw name="Should Be Equal" owner="BuiltIn">
<arg>${status_code}</arg>
<arg>201</arg>
<doc>Fails if the given objects are unequal.</doc>
<status status="PASS" start="2025-08-31T21:57:23.718271" elapsed="0.000558"/>
</kw>
<kw name="Convert To String" owner="BuiltIn">
<msg time="2025-08-31T21:57:23.719825" level="INFO">${body} = {
  "userId": "1",
  "title": "Buy milk",
  "completed": "False",
  "id": 201
}</msg>
<var>${body}</var>
<arg>${response.content}</arg>
<doc>Converts the given item to a Unicode string.</doc>
<status status="PASS" start="2025-08-31T21:57:23.719094" elapsed="0.000775"/>
</kw>
<kw name="Should Contain" owner="BuiltIn">
<arg>${body}</arg>
<arg>Buy milk</arg>
<doc>Fails if ``container`` does not contain ``item`` one or more times.</doc>
<status status="PASS" start="2025-08-31T21:57:23.720091" elapsed="0.000237"/>
</kw>
<kw name="Convert To String" owner="BuiltIn">
<msg time="2025-08-31T21:57:23.721351" level="INFO">${content} = {'Date': 'Sun, 31 Aug 2025 18:57:22 GMT', 'Content-Type': 'application/json; charset=utf-8', 'Content-Length': '79', 'Connection': 'keep-alive', 'access-control-allow-credentials': 'true', 'access-con...</msg>
<var>${content}</var>
<arg>${response.headers}</arg>
<doc>Converts the given item to a Unicode string.</doc>
<status status="PASS" start="2025-08-31T21:57:23.720553" elapsed="0.000852"/>
</kw>
<kw name="Should Contain" owner="BuiltIn">
<arg>${content}</arg>
<arg>application/json; charset=utf-8</arg>
<doc>Fails if ``container`` does not contain ``item`` one or more times.</doc>
<status status="PASS" start="2025-08-31T21:57:23.721655" elapsed="0.000261"/>
</kw>
<status status="PASS" start="2025-08-31T21:57:22.640398" elapsed="1.081839"/>
</test>
<status status="PASS" start="2025-08-31T21:57:22.261841" elapsed="1.461140"/>
</suite>
<statistics>
<total>
<stat pass="2" fail="0" skip="0">All Tests</stat>
</total>
<tag>
</tag>
<suite>
<stat name="Httpmethods" id="s1" pass="2" fail="0" skip="0">Httpmethods</stat>
</suite>
</statistics>
<errors>
</errors>
</robot>
