<?xml version="1.0" encoding="UTF-8"?>
<robot generator="Robot 7.3.2 (Python 3.12.3 on linux)" generated="2025-08-31T21:27:58.553833" rpa="false" schemaversion="5">
<suite id="s1" name="Get" source="/home/amatta/code/api_testing_robotframework/tests/get.robot">
<test id="s1-t1" name="Get Item For API" line="8">
<kw name="Create Session" owner="RequestsLibrary">
<msg time="2025-08-31T21:27:58.597137" level="INFO">Creating Session using : alias=myapi, url=https://jsonplaceholder.typicode.com, headers={},                     cookies={}, auth=None, timeout=None, proxies=None, verify=False,                     debug=0 </msg>
<arg>myapi</arg>
<arg>${BASE_URL}</arg>
<doc>Create Session: create a HTTP session to a server</doc>
<status status="PASS" start="2025-08-31T21:27:58.596848" elapsed="0.000665"/>
</kw>
<kw name="GET On Session" owner="RequestsLibrary">
<msg time="2025-08-31T21:27:58.709675" level="INFO">GET Request : url=https://jsonplaceholder.typicode.com/todos/1 
 path_url=/todos/1 
 headers={'User-Agent': 'python-requests/2.32.5', 'Accept-Encoding': 'gzip, deflate', 'Accept': '*/*', 'Connection': 'keep-alive'} 
 body=None 
 </msg>
<msg time="2025-08-31T21:27:58.709872" level="INFO">GET Response : url=https://jsonplaceholder.typicode.com/todos/1 
 status=200, reason=OK 
 headers={'Date': 'Sun, 31 Aug 2025 18:27:58 GMT', 'Content-Type': 'application/json; charset=utf-8', 'Transfer-Encoding': 'chunked', 'Connection': 'keep-alive', 'access-control-allow-credentials': 'true', 'Cache-Control': 'max-age=43200', 'etag': 'W/"53-hfEnumeNh6YirfjyjaujcOPPT+s"', 'expires': '-1', 'nel': '{"report_to":"heroku-nel","response_headers":["Via"],"max_age":3600,"success_fraction":0.01,"failure_fraction":0.1}', 'pragma': 'no-cache', 'report-to': '{"group":"heroku-nel","endpoints":[{"url":"https://nel.heroku.com/reports?s=oerNzEBKxPgafnCFdT61x78uwq%2FSyDK838ec0bLJpKA%3D\\u0026sid=e11707d5-02a7-43ef-b45e-2cf4d2036f7d\\u0026ts=1752021924"}],"max_age":3600}', 'reporting-endpoints': 'heroku-nel="https://nel.heroku.com/reports?s=oerNzEBKxPgafnCFdT61x78uwq%2FSyDK838ec0bLJpKA%3D&amp;sid=e11707d5-02a7-43ef-b45e-2cf4d2036f7d&amp;ts=1752021924"', 'Server': 'cloudflare', 'vary': 'Origin, Accept-Encoding', 'via': '2.0 heroku-router', 'x-content-type-options': 'nosniff', 'x-powered-by': 'Express', 'x-ratelimit-limit': '1000', 'x-ratelimit-remaining': '999', 'x-ratelimit-reset': '1752021935', 'Age': '23068', 'cf-cache-status': 'HIT', 'Content-Encoding': 'gzip', 'CF-RAY': '977e95c23b4482a9-ARN', 'alt-svc': 'h3=":443"; ma=86400'} 
 body={
  "userId": 1,
  "id": 1,
  "title": "delectus aut autem",
  "completed": false
} 
 </msg>
<msg time="2025-08-31T21:27:58.709985" level="INFO">/home/amatta/code/api_testing_robotframework/.venv/lib/python3.12/site-packages/urllib3/connectionpool.py:1097: InsecureRequestWarning: Unverified HTTPS request is being made to host 'jsonplaceholder.typicode.com'. Adding certificate verification is strongly advised. See: https://urllib3.readthedocs.io/en/latest/advanced-usage.html#tls-warnings
  warnings.warn(</msg>
<msg time="2025-08-31T21:27:58.710474" level="INFO">${response} = &lt;Response [200]&gt;</msg>
<var>${response}</var>
<arg>myapi</arg>
<arg>/todos/1</arg>
<doc>Sends a GET request on a previously created HTTP Session.</doc>
<status status="PASS" start="2025-08-31T21:27:58.597701" elapsed="0.112838"/>
</kw>
<kw name="Convert To String" owner="BuiltIn">
<msg time="2025-08-31T21:27:58.711992" level="INFO">${status_code} = 200</msg>
<var>${status_code}</var>
<arg>${response.status_code}</arg>
<doc>Converts the given item to a Unicode string.</doc>
<status status="PASS" start="2025-08-31T21:27:58.711131" elapsed="0.000957"/>
</kw>
<kw name="Should Be Equal" owner="BuiltIn">
<arg>${status_code}</arg>
<arg>200</arg>
<doc>Fails if the given objects are unequal.</doc>
<status status="PASS" start="2025-08-31T21:27:58.712520" elapsed="0.000221"/>
</kw>
<kw name="Convert To String" owner="BuiltIn">
<msg time="2025-08-31T21:27:58.713313" level="INFO">${body} = {
  "userId": 1,
  "id": 1,
  "title": "delectus aut autem",
  "completed": false
}</msg>
<var>${body}</var>
<arg>${response.content}</arg>
<doc>Converts the given item to a Unicode string.</doc>
<status status="PASS" start="2025-08-31T21:27:58.712868" elapsed="0.000471"/>
</kw>
<kw name="Should Contain" owner="BuiltIn">
<arg>${body}</arg>
<arg>delectus aut autem</arg>
<doc>Fails if ``container`` does not contain ``item`` one or more times.</doc>
<status status="PASS" start="2025-08-31T21:27:58.713471" elapsed="0.000142"/>
</kw>
<kw name="Convert To String" owner="BuiltIn">
<msg time="2025-08-31T21:27:58.714167" level="INFO">${content} = {'Date': 'Sun, 31 Aug 2025 18:27:58 GMT', 'Content-Type': 'application/json; charset=utf-8', 'Transfer-Encoding': 'chunked', 'Connection': 'keep-alive', 'access-control-allow-credentials': 'true', 'Ca...</msg>
<var>${content}</var>
<arg>${response.headers}</arg>
<doc>Converts the given item to a Unicode string.</doc>
<status status="PASS" start="2025-08-31T21:27:58.713731" elapsed="0.000461"/>
</kw>
<kw name="Should Contain" owner="BuiltIn">
<arg>${content}</arg>
<arg>application/json; charset=utf-8</arg>
<doc>Fails if ``container`` does not contain ``item`` one or more times.</doc>
<status status="PASS" start="2025-08-31T21:27:58.714319" elapsed="0.000136"/>
</kw>
<status status="PASS" start="2025-08-31T21:27:58.596095" elapsed="0.118497"/>
</test>
<status status="PASS" start="2025-08-31T21:27:58.554417" elapsed="0.160554"/>
</suite>
<statistics>
<total>
<stat pass="1" fail="0" skip="0">All Tests</stat>
</total>
<tag>
</tag>
<suite>
<stat name="Get" id="s1" pass="1" fail="0" skip="0">Get</stat>
</suite>
</statistics>
<errors>
</errors>
</robot>
